<?xml version="1.0" encoding="UTF-8"?>
<!-- Generated by org.testng.reporters.JUnitReportReporter -->
<testsuite hostname="MaliPatil-PC" failures="1" tests="6" name="testNg1.GoogleTest" time="32.828" errors="0" timestamp="22 Jul 2019 17:42:32 GMT" skipped="0">
  <testcase classname="testNg1.GoogleTest" name="googleTitleTest" time="11.793"/>
  <testcase classname="testNg1.GoogleTest" name="googleLogoTest" time="10.442">
    <failure message="The following asserts failed:
	expected [false] but found [true]" type="java.lang.AssertionError">
      <![CDATA[java.lang.AssertionError: The following asserts failed:
expected [false] but found [true]
at org.testng.asserts.SoftAssert.assertAll(SoftAssert.java:43)
at testNg1.GoogleTest.googleLogoTest(GoogleTest.java:69)
at java.base/jdk.internal.reflect.NativeMethodAccessorImpl.invoke0(Native Method)
at java.base/jdk.internal.reflect.NativeMethodAccessorImpl.invoke(NativeMethodAccessorImpl.java:62)
at java.base/jdk.internal.reflect.DelegatingMethodAccessorImpl.invoke(DelegatingMethodAccessorImpl.java:43)
at java.base/java.lang.reflect.Method.invoke(Method.java:567)
at org.testng.internal.MethodInvocationHelper.invokeMethod(MethodInvocationHelper.java:124)
at org.testng.internal.Invoker.invokeMethod(Invoker.java:583)
at org.testng.internal.Invoker.invokeTestMethod(Invoker.java:719)
at org.testng.internal.Invoker.invokeTestMethods(Invoker.java:989)
at org.testng.internal.TestMethodWorker.invokeTestMethods(TestMethodWorker.java:125)
at org.testng.internal.TestMethodWorker.run(TestMethodWorker.java:109)
at java.base/java.util.concurrent.ThreadPoolExecutor.runWorker(ThreadPoolExecutor.java:1128)
at java.base/java.util.concurrent.ThreadPoolExecutor$Worker.run(ThreadPoolExecutor.java:628)
at java.base/java.lang.Thread.run(Thread.java:835)
]]>
    </failure>
  </testcase> <!-- googleLogoTest -->
  <testcase classname="testNg1.GoogleTest" name="googleGmailLink" time="8.966"/>
  <testcase classname="testNg1.GoogleTest" name="test6" time="0.006"/>
  <testcase classname="testNg1.GoogleTest" name="test5" time="0.825"/>
  <testcase classname="testNg1.GoogleTest" name="test4" time="0.796"/>
</testsuite> <!-- testNg1.GoogleTest -->
